[02:00:25] [main/INFO]: Setting user: Player107
[02:00:29] [main/WARN]: Skipping bad option: lastServer:
[02:00:29] [main/INFO]: LWJGL Version: 2.9.4
[02:00:31] [main/INFO]: Reloading ResourceManager: Default, FMLFileResourcePack:Forge Mod Loader, FMLFileResourcePack:Minecraft Forge, FMLFileResourcePack:OreScape
[02:00:33] [Sound Library Loader/INFO]: Starting up SoundSystem...
[02:00:34] [Thread-5/INFO]: Initializing LWJGL OpenAL
[02:00:34] [Thread-5/INFO]: (The LWJGL binding of OpenAL.  For more information, see http://www.lwjgl.org)
[02:00:34] [Thread-5/INFO]: OpenAL initialized.
[02:00:34] [Sound Library Loader/INFO]: Sound engine started
[02:00:37] [main/INFO]: Created: 1024x512 textures-atlas
[02:00:38] [main/WARN]: Skipping bad option: lastServer:
[02:00:38] [main/INFO]: Narrator library for x64 successfully loaded
[02:00:39] [Realms Notification Availability checker #1/INFO]: Could not authorize you against Realms server: Invalid session id
[02:00:41] [Server thread/INFO]: Starting integrated minecraft server version 1.12.1
[02:00:41] [Server thread/INFO]: Generating keypair
[02:00:42] [Server thread/INFO]: Loaded 488 advancements
[02:00:42] [Server thread/INFO]: Preparing start region for level 0
[02:00:43] [Server thread/INFO]: Changing view distance to 12, from 10
[02:00:44] [Server thread/INFO]: Player107[local:E:2ce5f25e] logged in with entity id 168 at (-194.0642404739808, 4.0, -944.2414136391843)
[02:00:44] [Server thread/INFO]: Player107 joined the game
[02:00:45] [Server thread/INFO]: Saving and pausing game...
[02:00:45] [Server thread/INFO]: Saving chunks for level 'OreScape TESTING'/overworld
[02:00:45] [Server thread/INFO]: Saving chunks for level 'OreScape TESTING'/the_nether
[02:00:45] [Server thread/INFO]: Saving chunks for level 'OreScape TESTING'/the_end
[02:00:45] [pool-2-thread-1/WARN]: Couldn't look up profile properties for com.mojang.authlib.GameProfile@2aefafb8[id=eed453d8-1b3a-3fa3-9fc5-1cf433d73521,name=Player107,properties={},legacy=false]
com.mojang.authlib.exceptions.AuthenticationException: The client has sent too many requests within a certain amount of time
	at com.mojang.authlib.yggdrasil.YggdrasilAuthenticationService.makeRequest(YggdrasilAuthenticationService.java:79) ~[YggdrasilAuthenticationService.class:?]
	at com.mojang.authlib.yggdrasil.YggdrasilMinecraftSessionService.fillGameProfile(YggdrasilMinecraftSessionService.java:180) [YggdrasilMinecraftSessionService.class:?]
	at com.mojang.authlib.yggdrasil.YggdrasilMinecraftSessionService$1.load(YggdrasilMinecraftSessionService.java:60) [YggdrasilMinecraftSessionService$1.class:?]
	at com.mojang.authlib.yggdrasil.YggdrasilMinecraftSessionService$1.load(YggdrasilMinecraftSessionService.java:57) [YggdrasilMinecraftSessionService$1.class:?]
	at com.google.common.cache.LocalCache$LoadingValueReference.loadFuture(LocalCache.java:3716) [guava-21.0.jar:?]
	at com.google.common.cache.LocalCache$Segment.loadSync(LocalCache.java:2424) [guava-21.0.jar:?]
	at com.google.common.cache.LocalCache$Segment.lockedGetOrLoad(LocalCache.java:2298) [guava-21.0.jar:?]
	at com.google.common.cache.LocalCache$Segment.get(LocalCache.java:2211) [guava-21.0.jar:?]
	at com.google.common.cache.LocalCache.get(LocalCache.java:4154) [guava-21.0.jar:?]
	at com.google.common.cache.LocalCache.getOrLoad(LocalCache.java:4158) [guava-21.0.jar:?]
	at com.google.common.cache.LocalCache$LocalLoadingCache.get(LocalCache.java:5147) [guava-21.0.jar:?]
	at com.google.common.cache.LocalCache$LocalLoadingCache.getUnchecked(LocalCache.java:5153) [guava-21.0.jar:?]
	at com.mojang.authlib.yggdrasil.YggdrasilMinecraftSessionService.fillProfileProperties(YggdrasilMinecraftSessionService.java:170) [YggdrasilMinecraftSessionService.class:?]
	at net.minecraft.client.Minecraft.getProfileProperties(Minecraft.java:3172) [Minecraft.class:?]
	at net.minecraft.client.resources.SkinManager$3.run(SkinManager.java:138) [SkinManager$3.class:?]
	at java.util.concurrent.Executors$RunnableAdapter.call(Unknown Source) [?:1.8.0_151]
	at java.util.concurrent.FutureTask.run(Unknown Source) [?:1.8.0_151]
	at java.util.concurrent.ThreadPoolExecutor.runWorker(Unknown Source) [?:1.8.0_151]
	at java.util.concurrent.ThreadPoolExecutor$Worker.run(Unknown Source) [?:1.8.0_151]
	at java.lang.Thread.run(Unknown Source) [?:1.8.0_151]
[02:00:45] [main/INFO]: Loaded 22 advancements
[02:01:01] [Server thread/INFO]: Saving and pausing game...
[02:01:01] [Server thread/INFO]: Saving chunks for level 'OreScape TESTING'/overworld
[02:01:01] [Server thread/INFO]: Saving chunks for level 'OreScape TESTING'/the_nether
[02:01:01] [Server thread/INFO]: Saving chunks for level 'OreScape TESTING'/the_end
[02:01:01] [Server thread/INFO]: Stopping server
[02:01:01] [Server thread/INFO]: Saving players
[02:01:01] [Server thread/INFO]: Player107 lost connection: Disconnected
[02:01:01] [Server thread/INFO]: Player107 left the game
[02:01:01] [Server thread/INFO]: Stopping singleplayer server as player logged out
[02:01:01] [Server thread/INFO]: Saving worlds
[02:01:01] [Server thread/INFO]: Saving chunks for level 'OreScape TESTING'/overworld
[02:01:01] [Server thread/INFO]: Saving chunks for level 'OreScape TESTING'/the_nether
[02:01:01] [Server thread/INFO]: Saving chunks for level 'OreScape TESTING'/the_end
